<?xml version="1.0" encoding="UTF-8"?>
<testsuite xmlns:xsi="http://www.w3.org/2001/XMLSchema-instance" xsi:noNamespaceSchemaLocation="https://maven.apache.org/surefire/maven-surefire-plugin/xsd/surefire-test-report.xsd" name="stepDef.RunnerTest" time="22.366" tests="6" errors="0" skipped="0" failures="1">
  <properties>
    <property name="gopherProxySet" value="false"/>
    <property name="awt.toolkit" value="sun.lwawt.macosx.LWCToolkit"/>
    <property name="file.encoding.pkg" value="sun.io"/>
    <property name="java.specification.version" value="1.8"/>
    <property name="sun.cpu.isalist" value=""/>
    <property name="sun.jnu.encoding" value="UTF-8"/>
    <property name="java.class.path" value="/Users/nafihermawan/eclipse-workspace/saucedemo-cucumber/target/test-classes:/Users/nafihermawan/eclipse-workspace/saucedemo-cucumber/target/classes:/Users/nafihermawan/.m2/repository/io/cucumber/cucumber-java/6.9.0/cucumber-java-6.9.0.jar:/Users/nafihermawan/.m2/repository/io/cucumber/cucumber-core/6.9.0/cucumber-core-6.9.0.jar:/Users/nafihermawan/.m2/repository/io/cucumber/cucumber-gherkin/6.9.0/cucumber-gherkin-6.9.0.jar:/Users/nafihermawan/.m2/repository/io/cucumber/cucumber-gherkin-messages/6.9.0/cucumber-gherkin-messages-6.9.0.jar:/Users/nafihermawan/.m2/repository/io/cucumber/messages/13.2.0/messages-13.2.0.jar:/Users/nafihermawan/.m2/repository/io/cucumber/tag-expressions/3.0.0/tag-expressions-3.0.0.jar:/Users/nafihermawan/.m2/repository/io/cucumber/cucumber-expressions/10.3.0/cucumber-expressions-10.3.0.jar:/Users/nafihermawan/.m2/repository/io/cucumber/datatable/3.5.0/datatable-3.5.0.jar:/Users/nafihermawan/.m2/repository/io/cucumber/cucumber-plugin/6.9.0/cucumber-plugin-6.9.0.jar:/Users/nafihermawan/.m2/repository/io/cucumber/docstring/6.9.0/docstring-6.9.0.jar:/Users/nafihermawan/.m2/repository/io/cucumber/html-formatter/9.0.0/html-formatter-9.0.0.jar:/Users/nafihermawan/.m2/repository/io/cucumber/create-meta/2.0.4/create-meta-2.0.4.jar:/Users/nafihermawan/.m2/repository/org/apiguardian/apiguardian-api/1.1.0/apiguardian-api-1.1.0.jar:/Users/nafihermawan/.m2/repository/junit/junit/4.13.1/junit-4.13.1.jar:/Users/nafihermawan/.m2/repository/org/hamcrest/hamcrest-core/1.3/hamcrest-core-1.3.jar:/Users/nafihermawan/.m2/repository/io/cucumber/cucumber-junit/6.9.0/cucumber-junit-6.9.0.jar:/Users/nafihermawan/.m2/repository/org/seleniumhq/selenium/selenium-java/3.141.59/selenium-java-3.141.59.jar:/Users/nafihermawan/.m2/repository/org/seleniumhq/selenium/selenium-api/3.141.59/selenium-api-3.141.59.jar:/Users/nafihermawan/.m2/repository/org/seleniumhq/selenium/selenium-chrome-driver/3.141.59/selenium-chrome-driver-3.141.59.jar:/Users/nafihermawan/.m2/repository/org/seleniumhq/selenium/selenium-edge-driver/3.141.59/selenium-edge-driver-3.141.59.jar:/Users/nafihermawan/.m2/repository/org/seleniumhq/selenium/selenium-firefox-driver/3.141.59/selenium-firefox-driver-3.141.59.jar:/Users/nafihermawan/.m2/repository/org/seleniumhq/selenium/selenium-ie-driver/3.141.59/selenium-ie-driver-3.141.59.jar:/Users/nafihermawan/.m2/repository/org/seleniumhq/selenium/selenium-opera-driver/3.141.59/selenium-opera-driver-3.141.59.jar:/Users/nafihermawan/.m2/repository/org/seleniumhq/selenium/selenium-remote-driver/3.141.59/selenium-remote-driver-3.141.59.jar:/Users/nafihermawan/.m2/repository/org/seleniumhq/selenium/selenium-safari-driver/3.141.59/selenium-safari-driver-3.141.59.jar:/Users/nafihermawan/.m2/repository/org/seleniumhq/selenium/selenium-support/3.141.59/selenium-support-3.141.59.jar:/Users/nafihermawan/.m2/repository/net/bytebuddy/byte-buddy/1.8.15/byte-buddy-1.8.15.jar:/Users/nafihermawan/.m2/repository/org/apache/commons/commons-exec/1.3/commons-exec-1.3.jar:/Users/nafihermawan/.m2/repository/com/google/guava/guava/25.0-jre/guava-25.0-jre.jar:/Users/nafihermawan/.m2/repository/com/google/code/findbugs/jsr305/1.3.9/jsr305-1.3.9.jar:/Users/nafihermawan/.m2/repository/org/checkerframework/checker-compat-qual/2.0.0/checker-compat-qual-2.0.0.jar:/Users/nafihermawan/.m2/repository/com/google/errorprone/error_prone_annotations/2.1.3/error_prone_annotations-2.1.3.jar:/Users/nafihermawan/.m2/repository/com/google/j2objc/j2objc-annotations/1.1/j2objc-annotations-1.1.jar:/Users/nafihermawan/.m2/repository/org/codehaus/mojo/animal-sniffer-annotations/1.14/animal-sniffer-annotations-1.14.jar:/Users/nafihermawan/.m2/repository/com/squareup/okhttp3/okhttp/3.11.0/okhttp-3.11.0.jar:/Users/nafihermawan/.m2/repository/com/squareup/okio/okio/1.14.0/okio-1.14.0.jar:"/>
    <property name="java.vm.vendor" value="Oracle Corporation"/>
    <property name="sun.arch.data.model" value="64"/>
    <property name="java.vendor.url" value="http://java.oracle.com/"/>
    <property name="user.timezone" value=""/>
    <property name="java.vm.specification.version" value="1.8"/>
    <property name="os.name" value="Mac OS X"/>
    <property name="user.country" value="ID"/>
    <property name="sun.java.launcher" value="SUN_STANDARD"/>
    <property name="sun.boot.library.path" value="/Library/Java/JavaVirtualMachines/jdk1.8.0_361.jdk/Contents/Home/jre/lib"/>
    <property name="sun.java.command" value="/Users/nafihermawan/eclipse-workspace/saucedemo-cucumber/target/surefire/surefirebooter4964205235778426136.jar /Users/nafihermawan/eclipse-workspace/saucedemo-cucumber/target/surefire 2023-08-10T11-13-57_432-jvmRun1 surefire6102034534061161115tmp surefire_05095253725443157699tmp"/>
    <property name="http.nonProxyHosts" value="local|*.local|169.254/16|*.169.254/16"/>
    <property name="surefire.test.class.path" value="/Users/nafihermawan/eclipse-workspace/saucedemo-cucumber/target/test-classes:/Users/nafihermawan/eclipse-workspace/saucedemo-cucumber/target/classes:/Users/nafihermawan/.m2/repository/io/cucumber/cucumber-java/6.9.0/cucumber-java-6.9.0.jar:/Users/nafihermawan/.m2/repository/io/cucumber/cucumber-core/6.9.0/cucumber-core-6.9.0.jar:/Users/nafihermawan/.m2/repository/io/cucumber/cucumber-gherkin/6.9.0/cucumber-gherkin-6.9.0.jar:/Users/nafihermawan/.m2/repository/io/cucumber/cucumber-gherkin-messages/6.9.0/cucumber-gherkin-messages-6.9.0.jar:/Users/nafihermawan/.m2/repository/io/cucumber/messages/13.2.0/messages-13.2.0.jar:/Users/nafihermawan/.m2/repository/io/cucumber/tag-expressions/3.0.0/tag-expressions-3.0.0.jar:/Users/nafihermawan/.m2/repository/io/cucumber/cucumber-expressions/10.3.0/cucumber-expressions-10.3.0.jar:/Users/nafihermawan/.m2/repository/io/cucumber/datatable/3.5.0/datatable-3.5.0.jar:/Users/nafihermawan/.m2/repository/io/cucumber/cucumber-plugin/6.9.0/cucumber-plugin-6.9.0.jar:/Users/nafihermawan/.m2/repository/io/cucumber/docstring/6.9.0/docstring-6.9.0.jar:/Users/nafihermawan/.m2/repository/io/cucumber/html-formatter/9.0.0/html-formatter-9.0.0.jar:/Users/nafihermawan/.m2/repository/io/cucumber/create-meta/2.0.4/create-meta-2.0.4.jar:/Users/nafihermawan/.m2/repository/org/apiguardian/apiguardian-api/1.1.0/apiguardian-api-1.1.0.jar:/Users/nafihermawan/.m2/repository/junit/junit/4.13.1/junit-4.13.1.jar:/Users/nafihermawan/.m2/repository/org/hamcrest/hamcrest-core/1.3/hamcrest-core-1.3.jar:/Users/nafihermawan/.m2/repository/io/cucumber/cucumber-junit/6.9.0/cucumber-junit-6.9.0.jar:/Users/nafihermawan/.m2/repository/org/seleniumhq/selenium/selenium-java/3.141.59/selenium-java-3.141.59.jar:/Users/nafihermawan/.m2/repository/org/seleniumhq/selenium/selenium-api/3.141.59/selenium-api-3.141.59.jar:/Users/nafihermawan/.m2/repository/org/seleniumhq/selenium/selenium-chrome-driver/3.141.59/selenium-chrome-driver-3.141.59.jar:/Users/nafihermawan/.m2/repository/org/seleniumhq/selenium/selenium-edge-driver/3.141.59/selenium-edge-driver-3.141.59.jar:/Users/nafihermawan/.m2/repository/org/seleniumhq/selenium/selenium-firefox-driver/3.141.59/selenium-firefox-driver-3.141.59.jar:/Users/nafihermawan/.m2/repository/org/seleniumhq/selenium/selenium-ie-driver/3.141.59/selenium-ie-driver-3.141.59.jar:/Users/nafihermawan/.m2/repository/org/seleniumhq/selenium/selenium-opera-driver/3.141.59/selenium-opera-driver-3.141.59.jar:/Users/nafihermawan/.m2/repository/org/seleniumhq/selenium/selenium-remote-driver/3.141.59/selenium-remote-driver-3.141.59.jar:/Users/nafihermawan/.m2/repository/org/seleniumhq/selenium/selenium-safari-driver/3.141.59/selenium-safari-driver-3.141.59.jar:/Users/nafihermawan/.m2/repository/org/seleniumhq/selenium/selenium-support/3.141.59/selenium-support-3.141.59.jar:/Users/nafihermawan/.m2/repository/net/bytebuddy/byte-buddy/1.8.15/byte-buddy-1.8.15.jar:/Users/nafihermawan/.m2/repository/org/apache/commons/commons-exec/1.3/commons-exec-1.3.jar:/Users/nafihermawan/.m2/repository/com/google/guava/guava/25.0-jre/guava-25.0-jre.jar:/Users/nafihermawan/.m2/repository/com/google/code/findbugs/jsr305/1.3.9/jsr305-1.3.9.jar:/Users/nafihermawan/.m2/repository/org/checkerframework/checker-compat-qual/2.0.0/checker-compat-qual-2.0.0.jar:/Users/nafihermawan/.m2/repository/com/google/errorprone/error_prone_annotations/2.1.3/error_prone_annotations-2.1.3.jar:/Users/nafihermawan/.m2/repository/com/google/j2objc/j2objc-annotations/1.1/j2objc-annotations-1.1.jar:/Users/nafihermawan/.m2/repository/org/codehaus/mojo/animal-sniffer-annotations/1.14/animal-sniffer-annotations-1.14.jar:/Users/nafihermawan/.m2/repository/com/squareup/okhttp3/okhttp/3.11.0/okhttp-3.11.0.jar:/Users/nafihermawan/.m2/repository/com/squareup/okio/okio/1.14.0/okio-1.14.0.jar:"/>
    <property name="sun.cpu.endian" value="little"/>
    <property name="user.home" value="/Users/nafihermawan"/>
    <property name="user.language" value="en"/>
    <property name="java.specification.vendor" value="Oracle Corporation"/>
    <property name="java.home" value="/Library/Java/JavaVirtualMachines/jdk1.8.0_361.jdk/Contents/Home/jre"/>
    <property name="basedir" value="/Users/nafihermawan/eclipse-workspace/saucedemo-cucumber"/>
    <property name="style.color" value="always"/>
    <property name="file.separator" value="/"/>
    <property name="line.separator" value="&#10;"/>
    <property name="java.vm.specification.vendor" value="Oracle Corporation"/>
    <property name="java.specification.name" value="Java Platform API Specification"/>
    <property name="java.awt.graphicsenv" value="sun.awt.CGraphicsEnvironment"/>
    <property name="surefire.real.class.path" value="/Users/nafihermawan/eclipse-workspace/saucedemo-cucumber/target/surefire/surefirebooter4964205235778426136.jar"/>
    <property name="sun.boot.class.path" value="/Library/Java/JavaVirtualMachines/jdk1.8.0_361.jdk/Contents/Home/jre/lib/resources.jar:/Library/Java/JavaVirtualMachines/jdk1.8.0_361.jdk/Contents/Home/jre/lib/rt.jar:/Library/Java/JavaVirtualMachines/jdk1.8.0_361.jdk/Contents/Home/jre/lib/jsse.jar:/Library/Java/JavaVirtualMachines/jdk1.8.0_361.jdk/Contents/Home/jre/lib/jce.jar:/Library/Java/JavaVirtualMachines/jdk1.8.0_361.jdk/Contents/Home/jre/lib/charsets.jar:/Library/Java/JavaVirtualMachines/jdk1.8.0_361.jdk/Contents/Home/jre/lib/jfr.jar:/Library/Java/JavaVirtualMachines/jdk1.8.0_361.jdk/Contents/Home/jre/classes"/>
    <property name="sun.management.compiler" value="HotSpot 64-Bit Tiered Compilers"/>
    <property name="ftp.nonProxyHosts" value="local|*.local|169.254/16|*.169.254/16"/>
    <property name="java.runtime.version" value="1.8.0_361-b09"/>
    <property name="user.name" value="nafihermawan"/>
    <property name="path.separator" value=":"/>
    <property name="os.version" value="13.4.1"/>
    <property name="java.endorsed.dirs" value="/Library/Java/JavaVirtualMachines/jdk1.8.0_361.jdk/Contents/Home/jre/lib/endorsed"/>
    <property name="java.runtime.name" value="Java(TM) SE Runtime Environment"/>
    <property name="file.encoding" value="UTF-8"/>
    <property name="java.vm.name" value="Java HotSpot(TM) 64-Bit Server VM"/>
    <property name="localRepository" value="/Users/nafihermawan/.m2/repository"/>
    <property name="java.vendor.url.bug" value="http://bugreport.sun.com/bugreport/"/>
    <property name="java.io.tmpdir" value="/var/folders/24/jxbq704x77b0z8z7ml8147th0000gp/T/"/>
    <property name="java.version" value="1.8.0_361"/>
    <property name="user.dir" value="/Users/nafihermawan/eclipse-workspace/saucedemo-cucumber"/>
    <property name="os.arch" value="x86_64"/>
    <property name="java.vm.specification.name" value="Java Virtual Machine Specification"/>
    <property name="java.awt.printerjob" value="sun.lwawt.macosx.CPrinterJob"/>
    <property name="sun.os.patch.level" value="unknown"/>
    <property name="java.library.path" value="/Users/nafihermawan/Library/Java/Extensions:/Library/Java/Extensions:/Network/Library/Java/Extensions:/System/Library/Java/Extensions:/usr/lib/java:."/>
    <property name="java.vm.info" value="mixed mode"/>
    <property name="java.vendor" value="Oracle Corporation"/>
    <property name="java.vm.version" value="25.361-b09"/>
    <property name="java.specification.maintenance.version" value="4"/>
    <property name="java.ext.dirs" value="/Users/nafihermawan/Library/Java/Extensions:/Library/Java/JavaVirtualMachines/jdk1.8.0_361.jdk/Contents/Home/jre/lib/ext:/Library/Java/Extensions:/Network/Library/Java/Extensions:/System/Library/Java/Extensions:/usr/lib/java"/>
    <property name="sun.io.unicode.encoding" value="UnicodeBig"/>
    <property name="java.class.version" value="52.0"/>
    <property name="socksNonProxyHosts" value="local|*.local|169.254/16|*.169.254/16"/>
  </properties>
  <testcase name="Positive Scenario" classname="Inventory Page" time="5.576">
    <failure message="expected:&lt;[]&gt; but was:&lt;[Sauce Labs Backpack]&gt;" type="junit.framework.ComparisonFailure"><![CDATA[junit.framework.ComparisonFailure: expected:<[]> but was:<[Sauce Labs Backpack]>
]]></failure>
    <system-out><![CDATA[
@InventoryPage @tag1
Scenario: Positive Scenario     &amp#27;[90m# src/test/resources/Features/Inventory.feature:5&amp#27;[0m
Called openBrowser
  &amp#27;[32mGiven &amp#27;[0m&amp#27;[32muser login&amp#27;[0m              &amp#27;[90m# stepDef.InventoryStep.user_login()&amp#27;[0m
  &amp#27;[32mWhen &amp#27;[0m&amp#27;[32muser select item&amp#27;[0m         &amp#27;[90m# stepDef.InventoryStep.user_select_item()&amp#27;[0m
  &amp#27;[31mThen &amp#27;[0m&amp#27;[31muser direct to item page&amp#27;[0m &amp#27;[90m# stepDef.InventoryStep.user_direct_to_item_page()&amp#27;[0m
      &amp#27;[31mjunit.framework.ComparisonFailure: expected:<[]> but was:<[Sauce Labs Backpack]>
	at junit.framework.Assert.assertEquals(Assert.java:100)
	at junit.framework.Assert.assertEquals(Assert.java:107)
	at stepDef.InventoryStep.user_direct_to_item_page(InventoryStep.java:50)
	at ✽.user direct to item page(file:///Users/nafihermawan/eclipse-workspace/saucedemo-cucumber/src/test/resources/Features/Inventory.feature:8)
&amp#27;[0m
]]></system-out>
    <system-err><![CDATA[Starting ChromeDriver 114.0.5735.90 (386bc09e8f4f2e025eddae123f36f6263096ae49-refs/branch-heads/5735@{#1052}) on port 34663
Only local connections are allowed.
Please see https://chromedriver.chromium.org/security-considerations for suggestions on keeping ChromeDriver safe.
ChromeDriver was started successfully.
[1691640840.413][WARNING]: This version of ChromeDriver has not been tested with Chrome version 115.
Aug 10, 2023 11:14:00 AM org.openqa.selenium.remote.ProtocolHandshake createSession
INFO: Detected dialect: W3C
]]></system-err>
  </testcase>
  <testcase name="Login dengan mengosongkan username dan password" classname="Title of your feature" time="3.261"/>
  <testcase name="Positive login" classname="Title of your feature" time="3.947"/>
  <testcase name="Login dengan mengosongkan username" classname="Title of your feature" time="2.85"/>
  <testcase name="Login dengan mengosongkan password" classname="Title of your feature" time="2.834"/>
  <testcase name="Login dengan mengisi password yang tidak terdaftar" classname="Title of your feature" time="3.474"/>
</testsuite>